<?xml version="1.0" encoding="UTF-8"?>
<!-- Generated by org.testng.reporters.JUnitReportReporter -->
<testsuite hostname="DESKTOP-TJS8AHG" failures="0" tests="1" name="contactsPage.CreateContactsTest" time="37.319" errors="0" timestamp="2021-09-04T13:24:55 IST" skipped="0">
  <testcase classname="contactsPage.CreateContactsTest" name="createcontact" time="37.319"/>
  <system-out/>
</testsuite> <!-- contactsPage.CreateContactsTest -->
