<?xml version="1.0" encoding="UTF-8"?>
<!-- Generated by org.testng.reporters.JUnitReportReporter -->
<testsuite hostname="DESKTOP-TJS8AHG" failures="0" tests="1" name="contactsPage.CreateContactsTest" time="40.927" errors="0" timestamp="2021-09-13T12:58:34 IST" skipped="0">
  <testcase classname="contactsPage.CreateContactsTest" name="createcontact" time="40.927"/>
  <system-out/>
</testsuite> <!-- contactsPage.CreateContactsTest -->
