<?xml version="1.0" encoding="UTF-8"?>
<!-- Generated by org.testng.reporters.JUnitReportReporter -->
<testsuite hostname="DESKTOP-TJS8AHG" failures="0" tests="1" name="contactsPage.CreateContactsTest" time="33.380" errors="0" timestamp="2021-09-13T14:06:38 IST" skipped="0">
  <testcase classname="contactsPage.CreateContactsTest" name="createcontact" time="33.380"/>
  <system-out/>
</testsuite> <!-- contactsPage.CreateContactsTest -->
