<?xml version="1.0" encoding="UTF-8"?>
<!-- Generated by org.testng.reporters.JUnitReportReporter -->
<testsuite hostname="DESKTOP-TJS8AHG" failures="0" tests="5" name="com.Vtiger.SampleTest_dataProvider" time="0.021" errors="0" timestamp="2021-10-22T15:41:24 IST" skipped="0">
  <testcase classname="com.Vtiger.SampleTest_dataProvider" name="bookTicket" time="0.002"/>
  <system-out/>
  <testcase classname="com.Vtiger.SampleTest_dataProvider" name="bookTicket" time="0.002"/>
  <system-out/>
  <testcase classname="com.Vtiger.SampleTest_dataProvider" name="bookTicket" time="0.002"/>
  <system-out/>
  <testcase classname="com.Vtiger.SampleTest_dataProvider" name="bookTicket" time="0.003"/>
  <system-out/>
  <testcase classname="com.Vtiger.SampleTest_dataProvider" name="bookTicket" time="0.012"/>
  <system-out/>
</testsuite> <!-- com.Vtiger.SampleTest_dataProvider -->
