<?xml version="1.0" encoding="UTF-8"?>
<!-- Generated by org.testng.reporters.JUnitReportReporter -->
<testsuite hostname="DESKTOP-TJS8AHG" failures="0" tests="1" name="com.Vtiger.TC_0001_CreateOrgWith_DDTest" time="35.497" errors="0" timestamp="2021-12-12T21:42:56 IST" skipped="0">
  <testcase classname="com.Vtiger.TC_0001_CreateOrgWith_DDTest" name="TC_0001_createOrgwithDD" time="35.497"/>
  <system-out>
    <![CDATA[true]]>
  </system-out>
</testsuite> <!-- com.Vtiger.TC_0001_CreateOrgWith_DDTest -->
