<?xml version="1.0" encoding="UTF-8"?>
<!-- Generated by org.testng.reporters.JUnitReportReporter -->
<testsuite hostname="DESKTOP-TJS8AHG" failures="0" tests="3" name="com.Vtiger.Testpriority" time="0.015" errors="0" timestamp="2021-12-08T01:20:40 IST" skipped="0">
  <testcase classname="com.Vtiger.Testpriority" name="createOrg" time="0.012"/>
  <system-out/>
  <testcase classname="com.Vtiger.Testpriority" name="deleteOrg" time="0.002"/>
  <system-out/>
  <testcase classname="com.Vtiger.Testpriority" name="modifyOrg" time="0.001"/>
  <system-out/>
</testsuite> <!-- com.Vtiger.Testpriority -->
