<?xml version="1.0" encoding="UTF-8"?>
<!-- Generated by org.testng.reporters.JUnitReportReporter -->
<testsuite hostname="DESKTOP-TJS8AHG" failures="0" tests="1" name="com.Vtiger.TC_001_CreateContactTest" time="221.567" errors="0" timestamp="2021-12-13T15:50:12 IST" skipped="0">
  <testcase classname="com.Vtiger.TC_001_CreateContactTest" name="Tc_001_CreateContactDD" time="221.567"/>
  <system-out/>
</testsuite> <!-- com.Vtiger.TC_001_CreateContactTest -->
