<?xml version="1.0" encoding="UTF-8"?>
<!-- Generated by org.testng.reporters.JUnitReportReporter -->
<testsuite hostname="DESKTOP-TJS8AHG" failures="0" tests="1" name="com.Vtiger.TC_003_CreateContactTest" time="42.992" errors="0" timestamp="2021-12-12T23:14:43 IST" skipped="0">
  <testcase classname="com.Vtiger.TC_003_CreateContactTest" name="createcontact" time="42.992"/>
  <system-out/>
</testsuite> <!-- com.Vtiger.TC_003_CreateContactTest -->
