<?xml version="1.0" encoding="UTF-8"?>
<!-- Generated by org.testng.reporters.JUnitReportReporter -->
<testsuite hostname="DESKTOP-TJS8AHG" failures="0" tests="1" name="com.Vtiger.TC_004_CreateContactTest" time="34.599" errors="0" timestamp="2021-12-12T01:45:53 IST" skipped="0">
  <testcase classname="com.Vtiger.TC_004_CreateContactTest" name="CreateContact" time="34.599"/>
  <system-out/>
</testsuite> <!-- com.Vtiger.TC_004_CreateContactTest -->
