<?xml version="1.0" encoding="UTF-8"?>
<!-- Generated by org.testng.reporters.JUnitReportReporter -->
<testsuite hostname="DESKTOP-TJS8AHG" failures="0" tests="1" name="com.Vtiger.TC_003_CreateContactTest" time="234.198" errors="0" timestamp="2021-12-13T15:57:59 IST" skipped="0">
  <testcase classname="com.Vtiger.TC_003_CreateContactTest" name="createcontact" time="234.198"/>
  <system-out/>
</testsuite> <!-- com.Vtiger.TC_003_CreateContactTest -->
