<?xml version="1.0" encoding="UTF-8"?>
<!-- Generated by org.testng.reporters.JUnitReportReporter -->
<testsuite hostname="DESKTOP-TJS8AHG" failures="0" tests="1" name="com.Vtiger.CreateOrgwith_DDTest2" time="41.329" errors="0" timestamp="2021-12-12T01:41:49 IST" skipped="0">
  <testcase classname="com.Vtiger.CreateOrgwith_DDTest2" name="createcontact" time="41.329"/>
  <system-out/>
</testsuite> <!-- com.Vtiger.CreateOrgwith_DDTest2 -->
