<?xml version="1.0" encoding="UTF-8"?>
<!-- Generated by org.testng.reporters.JUnitReportReporter -->
<testsuite hostname="DESKTOP-TJS8AHG" failures="0" tests="3" name="com.Vtiger.depensonmethod" time="0.016" errors="0" timestamp="2021-10-21T11:04:37 IST" skipped="0">
  <testcase classname="com.Vtiger.depensonmethod" name="createOrg" time="0.011"/>
  <system-out>
    <![CDATA[Completed]]>
  </system-out>
  <testcase classname="com.Vtiger.depensonmethod" name="delOrg" time="0.002"/>
  <system-out>
    <![CDATA[true ]]>
  </system-out>
  <testcase classname="com.Vtiger.depensonmethod" name="modifyOrg" time="0.003"/>
  <system-out>
    <![CDATA[false]]>
  </system-out>
</testsuite> <!-- com.Vtiger.depensonmethod -->
