<?xml version="1.0" encoding="UTF-8"?>
<!-- Generated by org.testng.reporters.JUnitReportReporter -->
<testsuite hostname="DESKTOP-TJS8AHG" failures="0" tests="5" name="com.Vtiger.Invocations" time="0.043" errors="0" timestamp="2021-10-21T11:06:49 IST" skipped="0">
  <testcase classname="com.Vtiger.Invocations" name="CreateOrg" time="0.004"/>
  <system-out>
    <![CDATA[printing]]>
  </system-out>
  <testcase classname="com.Vtiger.Invocations" name="CreateOrg" time="0.004"/>
  <system-out>
    <![CDATA[printing]]>
  </system-out>
  <testcase classname="com.Vtiger.Invocations" name="CreateOrg" time="0.028"/>
  <system-out>
    <![CDATA[printing]]>
  </system-out>
  <testcase classname="com.Vtiger.Invocations" name="CreateOrg" time="0.002"/>
  <system-out>
    <![CDATA[printing]]>
  </system-out>
  <testcase classname="com.Vtiger.Invocations" name="CreateOrg" time="0.005"/>
  <system-out>
    <![CDATA[printing]]>
  </system-out>
</testsuite> <!-- com.Vtiger.Invocations -->
