<?xml version="1.0" encoding="UTF-8"?>
<!-- Generated by org.testng.reporters.JUnitReportReporter -->
<testsuite hostname="DESKTOP-TJS8AHG" failures="0" tests="1" name="com.Vtiger.ExtentReport" time="28.784" errors="0" timestamp="2021-10-26T16:03:47 IST" skipped="0">
  <testcase classname="com.Vtiger.ExtentReport" name="CreateContact" time="28.784"/>
  <system-out/>
</testsuite> <!-- com.Vtiger.ExtentReport -->
