<?xml version="1.0" encoding="UTF-8"?>
<!-- Generated by org.testng.reporters.JUnitReportReporter -->
<testsuite hostname="DESKTOP-TJS8AHG" failures="0" tests="1" name="Practice.JDBCUtil" time="0.460" errors="0" timestamp="2021-10-08T10:21:37 IST" skipped="0">
  <testcase classname="Practice.JDBCUtil" name="getExecuteQuery" time="0.460"/>
  <system-out/>
</testsuite> <!-- Practice.JDBCUtil -->
