<?xml version="1.0" encoding="UTF-8"?>
<!-- Generated by org.testng.reporters.JUnitReportReporter -->
<testsuite hostname="DESKTOP-TJS8AHG" failures="0" tests="1" name="com.Vtiger.TC_001_CreateContactTest" time="18.272" errors="0" timestamp="2021-12-12T20:51:11 IST" skipped="0">
  <testcase classname="com.Vtiger.TC_001_CreateContactTest" name="Tc_001_CreateContactDD" time="18.272"/>
  <system-out/>
</testsuite> <!-- com.Vtiger.TC_001_CreateContactTest -->
