<?xml version="1.0" encoding="UTF-8"?>
<!-- Generated by org.testng.reporters.JUnitReportReporter -->
<testsuite hostname="DESKTOP-TJS8AHG" failures="0" tests="1" name="com.Vtiger.CreateOrgWith_DDTest" time="36.550" errors="0" timestamp="2021-12-12T01:40:31 IST" skipped="0">
  <testcase classname="com.Vtiger.CreateOrgWith_DDTest" name="CreateOrgWithDD" time="36.550"/>
  <system-out/>
</testsuite> <!-- com.Vtiger.CreateOrgWith_DDTest -->
