<?xml version="1.0" encoding="UTF-8"?>
<!-- Generated by org.testng.reporters.JUnitReportReporter -->
<testsuite hostname="DESKTOP-TJS8AHG" failures="0" tests="3" name="com.Vtiger.Testpriority" time="0.024" errors="0" timestamp="2021-10-21T11:02:51 IST" skipped="0">
  <testcase classname="com.Vtiger.Testpriority" name="vCreateOrg" time="0.013"/>
  <system-out/>
  <testcase classname="com.Vtiger.Testpriority" name="modifyOrg" time="0.006"/>
  <system-out/>
  <testcase classname="com.Vtiger.Testpriority" name="deleteOrg" time="0.005"/>
  <system-out/>
</testsuite> <!-- com.Vtiger.Testpriority -->
