<?xml version="1.0" encoding="UTF-8"?>
<!-- Generated by org.testng.reporters.JUnitReportReporter -->
<testsuite hostname="DESKTOP-TJS8AHG" failures="0" tests="1" name="com.Vtiger.ExtentReport1" time="34.061" errors="0" timestamp="2021-10-26T21:47:41 IST" skipped="0">
  <testcase classname="com.Vtiger.ExtentReport1" name="CreateContact" time="34.061"/>
  <system-out/>
</testsuite> <!-- com.Vtiger.ExtentReport1 -->
